<?xml version="1.0" encoding="UTF-8"?>
<!-- Generated by org.testng.reporters.JUnitXMLReporter -->
<testsuite hostname="DESKTOP-7EPVU7N" ignored="1" name="Login Page Test - chrome" tests="5" failures="0" timestamp="13 Jun 2022 03:28:31 GMT" time="34.559" errors="0">
  <testcase name="doLoginNegativeTest" time="4.436" classname="com.orangeHRM.Test.LoginPageTest"/>
  <testcase name="doLoginNegativeTest" time="4.418" classname="com.orangeHRM.Test.LoginPageTest"/>
  <testcase name="loginPageTitleTest" time="0.232" classname="com.orangeHRM.Test.LoginPageTest"/>
  <testcase name="forGotPasswordTest" time="0.749" classname="com.orangeHRM.Test.LoginPageTest"/>
  <testcase name="loginTest" time="4.951" classname="com.orangeHRM.Test.LoginPageTest"/>
  <testcase name="getCurrentURLTest" time="0.0" classname="com.orangeHRM.Test.LoginPageTest">
    <ignored/>
  </testcase> <!-- getCurrentURLTest -->
</testsuite> <!-- Login Page Test - chrome -->
