<?xml version="1.0" encoding="UTF-8"?>
<!-- Generated by org.testng.reporters.JUnitXMLReporter -->
<testsuite hostname="DESKTOP-7EPVU7N" ignored="0" name="Accounts Page Test - chrome" tests="4" failures="0" timestamp="08 Jun 2022 09:45:15 GMT" time="67.314" errors="0">
  <testcase name="MyAccountListTest" time="0.711" classname="com.orangeHRM.Test.AccountPageTest"/>
  <testcase name="accountPageSubHeaderTest" time="0.78" classname="com.orangeHRM.Test.AccountPageTest"/>
  <testcase name="accountPageTitleTest" time="0.017" classname="com.orangeHRM.Test.AccountPageTest"/>
  <testcase name="signOutLinkTest" time="0.548" classname="com.orangeHRM.Test.AccountPageTest"/>
</testsuite> <!-- Accounts Page Test - chrome -->
