<?xml version="1.0" encoding="UTF-8"?>
<!-- Generated by org.testng.reporters.JUnitXMLReporter -->
<testsuite hostname="DESKTOP-7EPVU7N" ignored="1" name="Login Page Test - chrome" tests="5" failures="0" timestamp="2022-06-14T14:59:19 IST" time="54.839" errors="0">
  <testcase name="doLoginNegativeTest" time="8.438" classname="com.orangeHRM.Test.LoginPageTest"/>
  <testcase name="doLoginNegativeTest" time="7.262" classname="com.orangeHRM.Test.LoginPageTest"/>
  <testcase name="loginPageTitleTest" time="0.431" classname="com.orangeHRM.Test.LoginPageTest"/>
  <testcase name="forGotPasswordTest" time="1.193" classname="com.orangeHRM.Test.LoginPageTest"/>
  <testcase name="loginTest" time="16.713" classname="com.orangeHRM.Test.LoginPageTest"/>
  <testcase name="getCurrentURLTest" time="0.0" classname="com.orangeHRM.Test.LoginPageTest">
    <ignored/>
  </testcase> <!-- getCurrentURLTest -->
</testsuite> <!-- Login Page Test - chrome -->
